        -:    0:Source:dominion.c
        -:    0:Graph:dominion.gcno
        -:    0:Data:dominion.gcda
        -:    0:Runs:12
        -:    0:Programs:1
        -:    1:#include <string.h>
        -:    2:#include <stdio.h>
        -:    3:#include <math.h>
        -:    4:#include <stdlib.h>
        -:    5:#include "dominion.h"
        -:    6:#include "dominion_helpers.h"
        -:    7:#include "rngs.h"
        -:    8:
        -:    9:int compare(const void* a, const void* b) {
    65540:   10:  if (*(int*)a > *(int*)b)
    34053:   11:    return 1;
    31487:   12:  if (*(int*)a < *(int*)b)
    31189:   13:    return -1;
      298:   14:  return 0;
    65540:   15:}
        -:   16:
        -:   17:struct gameState* newGame() {
    #####:   18:  struct gameState* g = malloc(sizeof(struct gameState));
    #####:   19:  return g;
        -:   20:}
        -:   21:
        -:   22:int* kingdomCards(int k1, int k2, int k3, int k4, int k5, int k6, int k7,
        -:   23:		  int k8, int k9, int k10) {
    #####:   24:  int* k = malloc(10 * sizeof(int));
    #####:   25:  k[0] = k1;
    #####:   26:  k[1] = k2;
    #####:   27:  k[2] = k3;
    #####:   28:  k[3] = k4;
    #####:   29:  k[4] = k5;
    #####:   30:  k[5] = k6;
    #####:   31:  k[6] = k7;
    #####:   32:  k[7] = k8;
    #####:   33:  k[8] = k9;
    #####:   34:  k[9] = k10;
    #####:   35:  return k;
        -:   36:}
        -:   37:
        -:   38:int initializeGame(int numPlayers, int kingdomCards[10], int randomSeed,
        -:   39:		   struct gameState *state) {
        -:   40:
        -:   41:  int i;
        -:   42:  int j;
        -:   43:  //int it;			
        -:   44:  //set up random number generator
       12:   45:  SelectStream(1);
       12:   46:  PutSeed((long)randomSeed);
        -:   47:  
        -:   48:  //check number of players
       24:   49:  if (numPlayers > MAX_PLAYERS || numPlayers < 2)
        -:   50:    {
    #####:   51:      return -1;
        -:   52:    }
        -:   53:
        -:   54:  //set number of players
       12:   55:  state->numPlayers = numPlayers;
        -:   56:
        -:   57:  //check selected kingdom cards are different
      264:   58:  for (i = 0; i < 10; i++)
        -:   59:    {
     2640:   60:      for (j = 0; j < 10; j++)
        -:   61:        {
     2280:   62:	  if (j != i && kingdomCards[j] == kingdomCards[i])
        -:   63:	    {
    #####:   64:	      return -1;
        -:   65:	    }
     1200:   66:        }
      120:   67:    }
        -:   68:
        -:   69:
        -:   70:  //initialize supply
        -:   71:  ///////////////////////////////
        -:   72:
        -:   73:  //set number of Curse cards
       12:   74:  if (numPlayers == 2)
        -:   75:    {
       12:   76:      state->supplyCount[curse] = 10;
       12:   77:    }
    #####:   78:  else if (numPlayers == 3)
        -:   79:    {
    #####:   80:      state->supplyCount[curse] = 20;
    #####:   81:    }
        -:   82:  else
        -:   83:    {
    #####:   84:      state->supplyCount[curse] = 30;
        -:   85:    }
        -:   86:
        -:   87:  //set number of Victory cards
       12:   88:  if (numPlayers == 2)
        -:   89:    {
       12:   90:      state->supplyCount[estate] = 8;
       12:   91:      state->supplyCount[duchy] = 8;
       12:   92:      state->supplyCount[province] = 8;
       12:   93:    }
        -:   94:  else
        -:   95:    {
    #####:   96:      state->supplyCount[estate] = 12;
    #####:   97:      state->supplyCount[duchy] = 12;
    #####:   98:      state->supplyCount[province] = 12;
        -:   99:    }
        -:  100:
        -:  101:  //set number of Treasure cards
       12:  102:  state->supplyCount[copper] = 60 - (7 * numPlayers);
       12:  103:  state->supplyCount[silver] = 40;
       12:  104:  state->supplyCount[gold] = 30;
        -:  105:
        -:  106:  //set number of Kingdom cards
      504:  107:  for (i = adventurer; i <= treasure_map; i++)       	//loop all cards
        -:  108:    {
     3960:  109:      for (j = 0; j < 10; j++)           		//loop chosen cards
        -:  110:	{
     1860:  111:	  if (kingdomCards[j] == i)
        -:  112:	    {
        -:  113:	      //check if card is a 'Victory' Kingdom card
      229:  114:	      if (kingdomCards[j] == great_hall || kingdomCards[j] == gardens)
        -:  115:		{
       23:  116:		  if (numPlayers == 2){ 
       23:  117:		    state->supplyCount[i] = 8; 
       23:  118:		  }
    #####:  119:		  else{ state->supplyCount[i] = 12; }
       23:  120:		}
        -:  121:	      else
        -:  122:		{
       97:  123:		  state->supplyCount[i] = 10;
        -:  124:		}
      120:  125:	      break;
        -:  126:	    }
        -:  127:	  else    //card is not in the set choosen for the game
        -:  128:	    {
     1740:  129:	      state->supplyCount[i] = -1;
        -:  130:	    }
     1740:  131:	}
        -:  132:
      240:  133:    }
        -:  134:
        -:  135:  ////////////////////////
        -:  136:  //supply intilization complete
        -:  137:
        -:  138:  //set player decks
       72:  139:  for (i = 0; i < numPlayers; i++)
        -:  140:    {
       24:  141:      state->deckCount[i] = 0;
      192:  142:      for (j = 0; j < 3; j++)
        -:  143:	{
       72:  144:	  state->deck[i][j] = estate;
       72:  145:	  state->deckCount[i]++;
       72:  146:	}
      384:  147:      for (j = 3; j < 10; j++)
        -:  148:	{
      168:  149:	  state->deck[i][j] = copper;
      168:  150:	  state->deckCount[i]++;		
      168:  151:	}
       24:  152:    }
        -:  153:
        -:  154:  //shuffle player decks
       72:  155:  for (i = 0; i < numPlayers; i++)
        -:  156:    {
       24:  157:      if ( shuffle(i, state) < 0 )
        -:  158:	{
    #####:  159:	  return -1;
        -:  160:	}
       24:  161:    }
        -:  162:
        -:  163:  //draw player hands
       72:  164:  for (i = 0; i < numPlayers; i++)
        -:  165:    {  
        -:  166:      //initialize hand size to zero
       24:  167:      state->handCount[i] = 0;
       24:  168:      state->discardCount[i] = 0;
        -:  169:      //draw 5 cards
      288:  170:      for (j = 0; j < 5; j++)
        -:  171:      {
      120:  172:      	  drawCard(i, state);
      120:  173:      }
       24:  174:    }
        -:  175:  
        -:  176:  //set embargo tokens to 0 for all supply piles
      672:  177:  for (i = 0; i <= treasure_map; i++)
        -:  178:    {
      324:  179:      state->embargoTokens[i] = 0;
      324:  180:    }
        -:  181:
        -:  182:  //initialize first player's turn
       12:  183:  state->outpostPlayed = 0;
       12:  184:  state->phase = 0;
       12:  185:  state->numActions = 1;
       12:  186:  state->numBuys = 1;
       12:  187:  state->playedCardCount = 0;
       12:  188:  state->whoseTurn = 0;
       12:  189:  state->handCount[state->whoseTurn] = 0;
        -:  190:  //int it; move to top
        -:  191:
        -:  192:  //Moved draw cards to here, only drawing at the start of a turn
        -:  193:  //for (it = 0; it < 5; it++){
        -:  194:  //  drawCard(state->whoseTurn, state);
        -:  195:  //}
        -:  196:
       12:  197:  updateCoins(state->whoseTurn, state, 0);
        -:  198:
       12:  199:  return 0;
       12:  200:}
        -:  201:
        -:  202:int shuffle(int player, struct gameState *state) {
        -:  203: 
        -:  204:
        -:  205:  int newDeck[MAX_DECK];
       71:  206:  int newDeckPos = 0;
        -:  207:  int card;
        -:  208:  int i;
        -:  209:
       71:  210:  if (state->deckCount[player] < 1)
        1:  211:    return -1;
       70:  212:  qsort ((void*)(state->deck[player]), state->deckCount[player], sizeof(int), compare); 
        -:  213:  /* SORT CARDS IN DECK TO ENSURE DETERMINISM! */
        -:  214:
    16894:  215:  while (state->deckCount[player] > 0) {
     8377:  216:    card = floor(Random() * state->deckCount[player]);
     8377:  217:    newDeck[newDeckPos] = state->deck[player][card];
     8377:  218:    newDeckPos++;
  1358926:  219:    for (i = card; i < state->deckCount[player]-1; i++) {
   671086:  220:      state->deck[player][i] = state->deck[player][i+1];
   671086:  221:    }
     8377:  222:    state->deckCount[player]--;
        -:  223:  }
    16894:  224:  for (i = 0; i < newDeckPos; i++) {
     8377:  225:    state->deck[player][i] = newDeck[i];
     8377:  226:    state->deckCount[player]++;
     8377:  227:  }
        -:  228:
       70:  229:  return 0;
       71:  230:}
        -:  231:
        -:  232:int playCard(int handPos, int choice1, int choice2, int choice3, struct gameState *state) 
        -:  233:{	
        -:  234:  int card;
       28:  235:  int coin_bonus = 0; 		//tracks coins gain from actions
        -:  236:
        -:  237:  //check if it is the right phase
       28:  238:  if (state->phase != 0)
        -:  239:    {
    #####:  240:      return -1;
        -:  241:    }
        -:  242:	
        -:  243:  //check if player has enough actions
       28:  244:  if ( state->numActions < 1 )
        -:  245:    {
       23:  246:      return -1;
        -:  247:    }
        -:  248:	
        -:  249:  //get card played
        5:  250:  card = handCard(handPos, state);
        -:  251:	
        -:  252:  //check if selected card is an action
       10:  253:  if ( card < adventurer || card > treasure_map )
        -:  254:    {
    #####:  255:      return -1;
        -:  256:    }
        -:  257:	
        -:  258:  //play card
        5:  259:  if ( cardEffect(card, choice1, choice2, choice3, state, handPos, &coin_bonus) < 0 )
        -:  260:    {
    #####:  261:      return -1;
        -:  262:    }
        -:  263:	
        -:  264:  //reduce number of actions
        5:  265:  state->numActions--;
        -:  266:
        -:  267:  //update coins (Treasure cards may be added with card draws)
        5:  268:  updateCoins(state->whoseTurn, state, coin_bonus);
        -:  269:	
        5:  270:  return 0;
       28:  271:}
        -:  272:
        -:  273:int buyCard(int supplyPos, struct gameState *state) {
        -:  274:  int who;
        -:  275:  if (DEBUG){
        -:  276:    printf("Entering buyCard...\n");
        -:  277:  }
        -:  278:
        -:  279:  // I don't know what to do about the phase thing.
        -:  280:
       26:  281:  who = state->whoseTurn;
        -:  282:
       26:  283:  if (state->numBuys < 1){
        -:  284:    if (DEBUG)
        -:  285:      printf("You do not have any buys left\n");
    #####:  286:    return -1;
       26:  287:  } else if (supplyCount(supplyPos, state) <1){
        -:  288:    if (DEBUG)
        -:  289:      printf("There are not any of that type of card left\n");
    #####:  290:    return -1;
       26:  291:  } else if (state->coins < getCost(supplyPos)){
        -:  292:    if (DEBUG) 
        -:  293:      printf("You do not have enough money to buy that. You have %d coins.\n", state->coins);
    #####:  294:    return -1;
        -:  295:  } else {
       26:  296:    state->phase=1;
        -:  297:    //state->supplyCount[supplyPos]--;
       26:  298:    gainCard(supplyPos, state, 0, who); //card goes in discard, this might be wrong.. (2 means goes into hand, 0 goes into discard)
        -:  299:  
       26:  300:    state->coins = (state->coins) - (getCost(supplyPos));
       26:  301:    state->numBuys--;
        -:  302:    if (DEBUG)
        -:  303:      printf("You bought card number %d for %d coins. You now have %d buys and %d coins.\n", supplyPos, getCost(supplyPos), state->numBuys, state->coins);
        -:  304:  }
        -:  305:
        -:  306:  //state->discard[who][state->discardCount[who]] = supplyPos;
        -:  307:  //state->discardCount[who]++;
        -:  308:    
       26:  309:  return 0;
       26:  310:}
        -:  311:
        -:  312:int numHandCards(struct gameState *state) {
      197:  313:  return state->handCount[ whoseTurn(state) ];
        -:  314:}
        -:  315:
        -:  316:int handCard(int handPos, struct gameState *state) {
      428:  317:  int currentPlayer = whoseTurn(state);
      428:  318:  return state->hand[currentPlayer][handPos];
        -:  319:}
        -:  320:
        -:  321:int supplyCount(int card, struct gameState *state) {
       52:  322:  return state->supplyCount[card];
        -:  323:}
        -:  324:
        -:  325:int fullDeckCount(int player, int card, struct gameState *state) {
        -:  326:  int i;
        3:  327:  int count = 0;
        -:  328:
       42:  329:  for (i = 0; i < state->deckCount[player]; i++)
        -:  330:    {
       31:  331:      if (state->deck[player][i] == card) count++;
       18:  332:    }
        -:  333:
        6:  334:  for (i = 0; i < state->handCount[player]; i++)
        -:  335:    {
    #####:  336:      if (state->hand[player][i] == card) count++;
    #####:  337:    }
        -:  338:
       16:  339:  for (i = 0; i < state->discardCount[player]; i++)
        -:  340:    {
       10:  341:      if (state->discard[player][i] == card) count++;
        5:  342:    }
        -:  343:
        3:  344:  return count;
        -:  345:}
        -:  346:
        -:  347:int whoseTurn(struct gameState *state) {
     6688:  348:  return state->whoseTurn;
        -:  349:}
        -:  350:
        -:  351:int endTurn(struct gameState *state) {
        -:  352:  int k;
        -:  353:  int i;
       27:  354:  int currentPlayer = whoseTurn(state);
        -:  355:  
        -:  356:  //Discard hand
      334:  357:  for (i = 0; i < state->handCount[currentPlayer]; i++){
      140:  358:    state->discard[currentPlayer][state->discardCount[currentPlayer]++] = state->hand[currentPlayer][i];//Discard
      140:  359:    state->hand[currentPlayer][i] = -1;//Set card to -1
      140:  360:  }
       27:  361:  state->handCount[currentPlayer] = 0;//Reset hand count
        -:  362:    
        -:  363:  //Code for determining the player
       27:  364:  if (currentPlayer < (state->numPlayers - 1)){ 
       14:  365:    state->whoseTurn = currentPlayer + 1;//Still safe to increment
       14:  366:  }
        -:  367:  else{
       13:  368:    state->whoseTurn = 0;//Max player has been reached, loop back around to player 1
        -:  369:  }
        -:  370:
       27:  371:  state->outpostPlayed = 0;
       27:  372:  state->phase = 0;
       27:  373:  state->numActions = 1;
       27:  374:  state->coins = 0;
       27:  375:  state->numBuys = 1;
       27:  376:  state->playedCardCount = 0;
       27:  377:  state->handCount[state->whoseTurn] = 0;
        -:  378:
        -:  379:  //int k; move to top
        -:  380:  //Next player draws hand
      324:  381:  for (k = 0; k < 5; k++){
      135:  382:    drawCard(state->whoseTurn, state);//Draw a card
      135:  383:  }
        -:  384:
        -:  385:  //Update money
       27:  386:  updateCoins(state->whoseTurn, state , 0);
        -:  387:
       27:  388:  return 0;
        -:  389:}
        -:  390:
        -:  391:int isGameOver(struct gameState *state) {
        -:  392:  int i;
        -:  393:  int j;
        -:  394:	
        -:  395:  //if stack of Province cards is empty, the game ends
       31:  396:  if (state->supplyCount[province] == 0)
        -:  397:    {
        2:  398:      return 1;
        -:  399:    }
        -:  400:
        -:  401:  //if three supply pile are at 0, the game ends
       29:  402:  j = 0;
     1508:  403:  for (i = 0; i < 25; i++)
        -:  404:    {
      725:  405:      if (state->supplyCount[i] == 0)
        -:  406:	{
        3:  407:	  j++;
        3:  408:	}
      725:  409:    }
       29:  410:  if ( j >= 3)
        -:  411:    {
        1:  412:      return 1;
        -:  413:    }
        -:  414:
       28:  415:  return 0;
       31:  416:}
        -:  417:
        -:  418:int scoreFor (int player, struct gameState *state) {
        -:  419:
        -:  420:  int i;
        2:  421:  int score = 0;
        -:  422:  //score from hand
       14:  423:  for (i = 0; i < state->handCount[player]; i++)
        -:  424:    {
        5:  425:      if (state->hand[player][i] == curse) { score = score - 1; };
        6:  426:      if (state->hand[player][i] == estate) { score = score + 1; };
        5:  427:      if (state->hand[player][i] == duchy) { score = score + 3; };
        6:  428:      if (state->hand[player][i] == province) { score = score + 6; };
        5:  429:      if (state->hand[player][i] == great_hall) { score = score + 1; };
        5:  430:      if (state->hand[player][i] == gardens) { score = score + ( fullDeckCount(player, 0, state) / 10 ); };
        5:  431:    }
        -:  432:
        -:  433:  //score from discard
       46:  434:  for (i = 0; i < state->discardCount[player]; i++)
        -:  435:    {
       21:  436:      if (state->discard[player][i] == curse) { score = score - 1; };
       23:  437:      if (state->discard[player][i] == estate) { score = score + 1; };
       21:  438:      if (state->discard[player][i] == duchy) { score = score + 3; };
       24:  439:      if (state->discard[player][i] == province) { score = score + 6; };
       21:  440:      if (state->discard[player][i] == great_hall) { score = score + 1; };
       21:  441:      if (state->discard[player][i] == gardens) { score = score + ( fullDeckCount(player, 0, state) / 10 ); };
       21:  442:    }
        -:  443:
        -:  444:  //score from deck
       46:  445:  for (i = 0; i < state->discardCount[player]; i++)
        -:  446:    {
       21:  447:      if (state->deck[player][i] == curse) { score = score - 1; };
       23:  448:      if (state->deck[player][i] == estate) { score = score + 1; };
       21:  449:      if (state->deck[player][i] == duchy) { score = score + 3; };
       26:  450:      if (state->deck[player][i] == province) { score = score + 6; };
       21:  451:      if (state->deck[player][i] == great_hall) { score = score + 1; };
       21:  452:      if (state->deck[player][i] == gardens) { score = score + ( fullDeckCount(player, 0, state) / 10 ); };
       21:  453:    }
        -:  454:
        2:  455:  return score;
        -:  456:}
        -:  457:
        -:  458:int getWinners(int players[MAX_PLAYERS], struct gameState *state) {
        -:  459:  int i;	
        -:  460:  int j;
        -:  461:  int highScore;
        -:  462:  int currentPlayer;
        -:  463:
        -:  464:  //get score for each player
    #####:  465:  for (i = 0; i < MAX_PLAYERS; i++)
        -:  466:    {
        -:  467:      //set unused player scores to -9999
    #####:  468:      if (i >= state->numPlayers)
        -:  469:	{
    #####:  470:	  players[i] = -9999;
    #####:  471:	}
        -:  472:      else
        -:  473:	{
    #####:  474:	  players[i] = scoreFor (i, state);
        -:  475:	}
    #####:  476:    }
        -:  477:
        -:  478:  //find highest score
    #####:  479:  j = 0;
    #####:  480:  for (i = 0; i < MAX_PLAYERS; i++)
        -:  481:    {
    #####:  482:      if (players[i] > players[j])
        -:  483:	{
    #####:  484:	  j = i;
    #####:  485:	}
    #####:  486:    }
    #####:  487:  highScore = players[j];
        -:  488:
        -:  489:  //add 1 to players who had less turns
    #####:  490:  currentPlayer = whoseTurn(state);
    #####:  491:  for (i = 0; i < MAX_PLAYERS; i++)
        -:  492:    {
    #####:  493:      if ( players[i] == highScore && i > currentPlayer )
        -:  494:	{
    #####:  495:	  players[i]++;
    #####:  496:	}
    #####:  497:    }
        -:  498:
        -:  499:  //find new highest score
    #####:  500:  j = 0;
    #####:  501:  for (i = 0; i < MAX_PLAYERS; i++)
        -:  502:    {
    #####:  503:      if ( players[i] > players[j] )
        -:  504:	{
    #####:  505:	  j = i;
    #####:  506:	}
    #####:  507:    }
    #####:  508:  highScore = players[j];
        -:  509:
        -:  510:  //set winners in array to 1 and rest to 0
    #####:  511:  for (i = 0; i < MAX_PLAYERS; i++)
        -:  512:    {
    #####:  513:      if ( players[i] == highScore )
        -:  514:	{
    #####:  515:	  players[i] = 1;
    #####:  516:	}
        -:  517:      else
        -:  518:	{
    #####:  519:	  players[i] = 0;
        -:  520:	}
    #####:  521:    }
        -:  522:
    #####:  523:  return 0;
        -:  524:}
        -:  525:
        -:  526:int drawCard(int player, struct gameState *state)
        -:  527:{	int count;
        -:  528:  int deckCounter;
  1025580:  529:  if (state->deckCount[player] <= 0){//Deck is empty
        -:  530:    
        -:  531:    //Step 1 Shuffle the discard pile back into a deck
        -:  532:    int i;
        -:  533:    //Move discard to deck
    16366:  534:    for (i = 0; i < state->discardCount[player];i++){
     8137:  535:      state->deck[player][i] = state->discard[player][i];
     8137:  536:      state->discard[player][i] = -1;
     8137:  537:    }
        -:  538:
       46:  539:    state->deckCount[player] = state->discardCount[player];
       46:  540:    state->discardCount[player] = 0;//Reset discard
        -:  541:
        -:  542:    //Shufffle the deck
       46:  543:    shuffle(player, state);//Shuffle the deck up and make it so that we can draw
        -:  544:   
        -:  545:    if (DEBUG){//Debug statements
        -:  546:      printf("Deck count now: %d\n", state->deckCount[player]);
        -:  547:    }
        -:  548:    
       46:  549:    state->discardCount[player] = 0;
        -:  550:
        -:  551:    //Step 2 Draw Card
       46:  552:    count = state->handCount[player];//Get current player's hand count
        -:  553:    
        -:  554:    if (DEBUG){//Debug statements
        -:  555:      printf("Current hand count: %d\n", count);
        -:  556:    }
        -:  557:    
       46:  558:    deckCounter = state->deckCount[player];//Create a holder for the deck count
        -:  559:
       46:  560:    if (deckCounter == 0)
    #####:  561:      return -1;
        -:  562:
       46:  563:    state->hand[player][count] = state->deck[player][deckCounter - 1];//Add card to hand
       46:  564:    state->deckCount[player]--;
       46:  565:    state->handCount[player]++;//Increment hand count
       46:  566:  }
        -:  567:
        -:  568:  else{
  1025534:  569:    int count = state->handCount[player];//Get current hand count for player
        -:  570:    int deckCounter;
        -:  571:    if (DEBUG){//Debug statements
        -:  572:      printf("Current hand count: %d\n", count);
        -:  573:    }
        -:  574:
  1025534:  575:    deckCounter = state->deckCount[player];//Create holder for the deck count
  1025534:  576:    state->hand[player][count] = state->deck[player][deckCounter - 1];//Add card to the hand
  1025534:  577:    state->deckCount[player]--;
  1025534:  578:    state->handCount[player]++;//Increment hand count
        -:  579:  }
        -:  580:
  1025580:  581:  return 0;
  1025580:  582:}
        -:  583:
        -:  584:int getCost(int cardNumber)
        -:  585:{
       79:  586:  switch( cardNumber ) 
        -:  587:    {
        -:  588:    case curse:
        1:  589:      return 0;
        -:  590:    case estate:
        1:  591:      return 2;
        -:  592:    case duchy:
        1:  593:      return 5;
        -:  594:    case province:
       17:  595:      return 8;
        -:  596:    case copper:
        1:  597:      return 0;
        -:  598:    case silver:
       15:  599:      return 3;
        -:  600:    case gold:
       19:  601:      return 6;
        -:  602:    case adventurer:
        5:  603:      return 6;
        -:  604:    case council_room:
        1:  605:      return 5;
        -:  606:    case feast:
        1:  607:      return 4;
        -:  608:    case gardens:
        1:  609:      return 4;
        -:  610:    case mine:
        1:  611:      return 5;
        -:  612:    case remodel:
        1:  613:      return 4;
        -:  614:    case smithy:
        1:  615:      return 4;
        -:  616:    case village:
        1:  617:      return 3;
        -:  618:    case baron:
        1:  619:      return 4;
        -:  620:    case great_hall:
        1:  621:      return 3;
        -:  622:    case minion:
        1:  623:      return 5;
        -:  624:    case steward:
        1:  625:      return 3;
        -:  626:    case tribute:
        1:  627:      return 5;
        -:  628:    case ambassador:
        1:  629:      return 3;
        -:  630:    case cutpurse:
        1:  631:      return 4;
        -:  632:    case embargo: 
        1:  633:      return 2;
        -:  634:    case outpost:
        1:  635:      return 5;
        -:  636:    case salvager:
        1:  637:      return 4;
        -:  638:    case sea_hag:
        1:  639:      return 4;
        -:  640:    case treasure_map:
        1:  641:      return 4;
        -:  642:    }
        -:  643:	
    #####:  644:  return -1;
       79:  645:}
        -:  646:
        -:  647:int cardEffect(int card, int choice1, int choice2, int choice3, struct gameState *state, int handPos, int *bonus)
        -:  648:{
        -:  649:  int i;
        -:  650:  int j;
        -:  651:  int k;
        -:  652:  int x;
        -:  653:  int index;
     6009:  654:  int currentPlayer = whoseTurn(state);
     6009:  655:  int nextPlayer = currentPlayer + 1;
        -:  656:
     6009:  657:  int tributeRevealedCards[2] = {-1, -1};
        -:  658:  int temphand[MAX_HAND];// moved above the if statement
        -:  659:  
        -:  660:  
     6009:  661:  if (nextPlayer > (state->numPlayers - 1)){
     2983:  662:    nextPlayer = 0;
     2983:  663:  }
        -:  664:  
        -:  665:	
        -:  666:  //uses switch to select card and perform actions
     6009:  667:  switch( card ) 
        -:  668:    {
        -:  669:    case adventurer:
     2006:  670:      return adventurer_effect(state, currentPlayer);
        -:  671:
        -:  672:    case council_room:
        1:  673:      return council_room_effect(currentPlayer, state, handPos);
        -:  674:			
        -:  675:    case feast:
        -:  676:      //gain card with cost up to 5
        -:  677:      //Backup hand
    #####:  678:      for (i = 0; i <= state->handCount[currentPlayer]; i++){
    #####:  679:	temphand[i] = state->hand[currentPlayer][i];//Backup card
    #####:  680:	state->hand[currentPlayer][i] = -1;//Set to nothing
    #####:  681:      }
        -:  682:      //Backup hand
        -:  683:
        -:  684:      //Update Coins for Buy
    #####:  685:      updateCoins(currentPlayer, state, 5);
    #####:  686:      x = 1;//Condition to loop on
    #####:  687:      while( x == 1) {//Buy one card
    #####:  688:	if (supplyCount(choice1, state) <= 0){
        -:  689:	  if (DEBUG)
        -:  690:	    printf("None of that card left, sorry!\n");
        -:  691:
        -:  692:	  if (DEBUG){
        -:  693:	    printf("Cards Left: %d\n", supplyCount(choice1, state));
        -:  694:	  }
    #####:  695:	}
    #####:  696:	else if (state->coins < getCost(choice1)){
    #####:  697:	  printf("That card is too expensive!\n");
        -:  698:
        -:  699:	  if (DEBUG){
        -:  700:	    printf("Coins: %d < %d\n", state->coins, getCost(choice1));
        -:  701:	  }
    #####:  702:	}
        -:  703:	else{
        -:  704:
        -:  705:	  if (DEBUG){
        -:  706:	    printf("Deck Count: %d\n", state->handCount[currentPlayer] + state->deckCount[currentPlayer] + state->discardCount[currentPlayer]);
        -:  707:	  }
        -:  708:
    #####:  709:	  gainCard(choice1, state, 0, currentPlayer);//Gain the card
    #####:  710:	  x = 0;//No more buying cards
        -:  711:
        -:  712:	  if (DEBUG){
        -:  713:	    printf("Deck Count: %d\n", state->handCount[currentPlayer] + state->deckCount[currentPlayer] + state->discardCount[currentPlayer]);
        -:  714:	  }
        -:  715:
        -:  716:	}
        -:  717:      }     
        -:  718:
        -:  719:      //Reset Hand
    #####:  720:      for (i = 0; i <= state->handCount[currentPlayer]; i++){
    #####:  721:	state->hand[currentPlayer][i] = temphand[i];
    #####:  722:	temphand[i] = -1;
    #####:  723:      }
        -:  724:      //Reset Hand
        -:  725:      			
    #####:  726:      return 0;
        -:  727:			
        -:  728:    case gardens:
    #####:  729:      return -1;
        -:  730:			
        -:  731:    case mine:
    #####:  732:      j = state->hand[currentPlayer][choice1];  //store card we will trash
        -:  733:
    #####:  734:      if (state->hand[currentPlayer][choice1] < copper || state->hand[currentPlayer][choice1] > gold)
        -:  735:	{
    #####:  736:	  return -1;
        -:  737:	}
        -:  738:		
    #####:  739:      if (choice2 > treasure_map || choice2 < curse)
        -:  740:	{
    #####:  741:	  return -1;
        -:  742:	}
        -:  743:
    #####:  744:      if ( (getCost(state->hand[currentPlayer][choice1]) + 3) > getCost(choice2) )
        -:  745:	{
    #####:  746:	  return -1;
        -:  747:	}
        -:  748:
    #####:  749:      gainCard(choice2, state, 2, currentPlayer);
        -:  750:
        -:  751:      //discard card from hand
    #####:  752:      discardCard(handPos, currentPlayer, state, 0);
        -:  753:
        -:  754:      //discard trashed card
    #####:  755:      for (i = 0; i < state->handCount[currentPlayer]; i++)
        -:  756:	{
    #####:  757:	  if (state->hand[currentPlayer][i] == j)
        -:  758:	    {
    #####:  759:	      discardCard(i, currentPlayer, state, 0);			
    #####:  760:	      break;
        -:  761:	    }
    #####:  762:	}
        -:  763:			
    #####:  764:      return 0;
        -:  765:			
        -:  766:    case remodel:
    #####:  767:      j = state->hand[currentPlayer][choice1];  //store card we will trash
        -:  768:
    #####:  769:      if ( (getCost(state->hand[currentPlayer][choice1]) + 2) > getCost(choice2) )
        -:  770:	{
    #####:  771:	  return -1;
        -:  772:	}
        -:  773:
    #####:  774:      gainCard(choice2, state, 0, currentPlayer);
        -:  775:
        -:  776:      //discard card from hand
    #####:  777:      discardCard(handPos, currentPlayer, state, 0);
        -:  778:
        -:  779:      //discard trashed card
    #####:  780:      for (i = 0; i < state->handCount[currentPlayer]; i++)
        -:  781:	{
    #####:  782:	  if (state->hand[currentPlayer][i] == j)
        -:  783:	    {
    #####:  784:	      discardCard(i, currentPlayer, state, 0);			
    #####:  785:	      break;
        -:  786:	    }
    #####:  787:	}
        -:  788:
        -:  789:
    #####:  790:      return 0;
        -:  791:		
        -:  792:    case smithy:
     2001:  793:      return smithy_effect(currentPlayer, state, handPos);
        -:  794:		
        -:  795:    case village:
     2001:  796:      return village_effect(currentPlayer, state, handPos);
        -:  797:    
        -:  798:    case baron:
    #####:  799:      return baron_effect(currentPlayer, state, handPos, choice1);
        -:  800:		
        -:  801:    case great_hall:
        -:  802:      //+1 Card
    #####:  803:      drawCard(currentPlayer, state);
        -:  804:			
        -:  805:      //+1 Actions
    #####:  806:      state->numActions++;
        -:  807:			
        -:  808:      //discard card from hand
    #####:  809:      discardCard(handPos, currentPlayer, state, 0);
    #####:  810:      return 0;
        -:  811:		
        -:  812:    case minion:
        -:  813:      //+1 action
    #####:  814:      state->numActions++;
        -:  815:			
        -:  816:      //discard card from hand
    #####:  817:      discardCard(handPos, currentPlayer, state, 0);
        -:  818:			
    #####:  819:      if (choice1)		//+2 coins
        -:  820:	{
    #####:  821:	  state->coins = state->coins + 2;
    #####:  822:	}
        -:  823:			
    #####:  824:      else if (choice2)		//discard hand, redraw 4, other players with 5+ cards discard hand and draw 4
        -:  825:	{
        -:  826:	  //discard hand
    #####:  827:	  while(numHandCards(state) > 0)
        -:  828:	    {
    #####:  829:	      discardCard(handPos, currentPlayer, state, 0);
        -:  830:	    }
        -:  831:				
        -:  832:	  //draw 4
    #####:  833:	  for (i = 0; i < 4; i++)
        -:  834:	    {
    #####:  835:	      drawCard(currentPlayer, state);
    #####:  836:	    }
        -:  837:				
        -:  838:	  //other players discard hand and redraw if hand size > 4
    #####:  839:	  for (i = 0; i < state->numPlayers; i++)
        -:  840:	    {
    #####:  841:	      if (i != currentPlayer)
        -:  842:		{
    #####:  843:		  if ( state->handCount[i] > 4 )
        -:  844:		    {
        -:  845:		      //discard hand
    #####:  846:		      while( state->handCount[i] > 0 )
        -:  847:			{
    #####:  848:			  discardCard(handPos, i, state, 0);
        -:  849:			}
        -:  850:							
        -:  851:		      //draw 4
    #####:  852:		      for (j = 0; j < 4; j++)
        -:  853:			{
    #####:  854:			  drawCard(i, state);
    #####:  855:			}
    #####:  856:		    }
    #####:  857:		}
    #####:  858:	    }
        -:  859:				
    #####:  860:	}
    #####:  861:      return 0;
        -:  862:		
        -:  863:    case steward:
    #####:  864:      if (choice1 == 1)
        -:  865:	{
        -:  866:	  //+2 cards
    #####:  867:	  drawCard(currentPlayer, state);
    #####:  868:	  drawCard(currentPlayer, state);
    #####:  869:	}
    #####:  870:      else if (choice1 == 2)
        -:  871:	{
        -:  872:	  //+2 coins
    #####:  873:	  state->coins = state->coins + 2;
    #####:  874:	}
        -:  875:      else
        -:  876:	{
        -:  877:	  //trash 2 cards in hand
    #####:  878:	  discardCard(choice2, currentPlayer, state, 1);
    #####:  879:	  discardCard(choice3, currentPlayer, state, 1);
        -:  880:	}
        -:  881:			
        -:  882:      //discard card from hand
    #####:  883:      discardCard(handPos, currentPlayer, state, 0);
    #####:  884:      return 0;
        -:  885:		
        -:  886:    case tribute:
    #####:  887:      if ((state->discardCount[nextPlayer] + state->deckCount[nextPlayer]) <= 1){
    #####:  888:	if (state->deckCount[nextPlayer] > 0){
    #####:  889:	  tributeRevealedCards[0] = state->deck[nextPlayer][state->deckCount[nextPlayer]-1];
    #####:  890:	  state->deckCount[nextPlayer]--;
    #####:  891:	}
    #####:  892:	else if (state->discardCount[nextPlayer] > 0){
    #####:  893:	  tributeRevealedCards[0] = state->discard[nextPlayer][state->discardCount[nextPlayer]-1];
    #####:  894:	  state->discardCount[nextPlayer]--;
    #####:  895:	}
        -:  896:	else{
        -:  897:	  //No Card to Reveal
        -:  898:	  if (DEBUG){
        -:  899:	    printf("No cards to reveal\n");
        -:  900:	  }
        -:  901:	}
    #####:  902:      }
        -:  903:	    
        -:  904:      else{
    #####:  905:	if (state->deckCount[nextPlayer] == 0){
    #####:  906:	  for (i = 0; i < state->discardCount[nextPlayer]; i++){
    #####:  907:	    state->deck[nextPlayer][i] = state->discard[nextPlayer][i];//Move to deck
    #####:  908:	    state->deckCount[nextPlayer]++;
    #####:  909:	    state->discard[nextPlayer][i] = -1;
    #####:  910:	    state->discardCount[nextPlayer]--;
    #####:  911:	  }
        -:  912:			    
    #####:  913:	  shuffle(nextPlayer,state);//Shuffle the deck
    #####:  914:	} 
    #####:  915:	tributeRevealedCards[0] = state->deck[nextPlayer][state->deckCount[nextPlayer]-1];
    #####:  916:	state->deck[nextPlayer][state->deckCount[nextPlayer]--] = -1;
    #####:  917:	state->deckCount[nextPlayer]--;
    #####:  918:	tributeRevealedCards[1] = state->deck[nextPlayer][state->deckCount[nextPlayer]-1];
    #####:  919:	state->deck[nextPlayer][state->deckCount[nextPlayer]--] = -1;
    #####:  920:	state->deckCount[nextPlayer]--;
        -:  921:      }    
        -:  922:		       
    #####:  923:      if (tributeRevealedCards[0] == tributeRevealedCards[1]){//If we have a duplicate card, just drop one 
    #####:  924:	state->playedCards[state->playedCardCount] = tributeRevealedCards[1];
    #####:  925:	state->playedCardCount++;
    #####:  926:	tributeRevealedCards[1] = -1;
    #####:  927:      }
        -:  928:
    #####:  929:      for (i = 0; i <= 2; i ++){
    #####:  930:	if (tributeRevealedCards[i] == copper || tributeRevealedCards[i] == silver || tributeRevealedCards[i] == gold){//Treasure cards
    #####:  931:	  state->coins += 2;
    #####:  932:	}
        -:  933:		    
    #####:  934:	else if (tributeRevealedCards[i] == estate || tributeRevealedCards[i] == duchy || tributeRevealedCards[i] == province || tributeRevealedCards[i] == gardens || tributeRevealedCards[i] == great_hall){//Victory Card Found
    #####:  935:	  drawCard(currentPlayer, state);
    #####:  936:	  drawCard(currentPlayer, state);
    #####:  937:	}
        -:  938:	else{//Action Card
    #####:  939:	  state->numActions = state->numActions + 2;
        -:  940:	}
    #####:  941:      }
        -:  942:	    
    #####:  943:      return 0;
        -:  944:		
        -:  945:    case ambassador:
    #####:  946:      j = 0;		//used to check if player has enough cards to discard
        -:  947:
    #####:  948:      if (choice2 > 2 || choice2 < 0)
        -:  949:	{
    #####:  950:	  return -1;				
        -:  951:	}
        -:  952:
    #####:  953:      if (choice1 == handPos)
        -:  954:	{
    #####:  955:	  return -1;
        -:  956:	}
        -:  957:
    #####:  958:      for (i = 0; i < state->handCount[currentPlayer]; i++)
        -:  959:	{
    #####:  960:	  if (i != handPos && i == state->hand[currentPlayer][choice1] && i != choice1)
        -:  961:	    {
    #####:  962:	      j++;
    #####:  963:	    }
    #####:  964:	}
    #####:  965:      if (j < choice2)
        -:  966:	{
    #####:  967:	  return -1;				
        -:  968:	}
        -:  969:
        -:  970:      if (DEBUG) 
        -:  971:	printf("Player %d reveals card number: %d\n", currentPlayer, state->hand[currentPlayer][choice1]);
        -:  972:
        -:  973:      //increase supply count for choosen card by amount being discarded
    #####:  974:      state->supplyCount[state->hand[currentPlayer][choice1]] += choice2;
        -:  975:			
        -:  976:      //each other player gains a copy of revealed card
    #####:  977:      for (i = 0; i < state->numPlayers; i++)
        -:  978:	{
    #####:  979:	  if (i != currentPlayer)
        -:  980:	    {
    #####:  981:	      gainCard(state->hand[currentPlayer][choice1], state, 0, i);
    #####:  982:	    }
    #####:  983:	}
        -:  984:
        -:  985:      //discard played card from hand
    #####:  986:      discardCard(handPos, currentPlayer, state, 0);			
        -:  987:
        -:  988:      //trash copies of cards returned to supply
    #####:  989:      for (j = 0; j < choice2; j++)
        -:  990:	{
    #####:  991:	  for (i = 0; i < state->handCount[currentPlayer]; i++)
        -:  992:	    {
    #####:  993:	      if (state->hand[currentPlayer][i] == state->hand[currentPlayer][choice1])
        -:  994:		{
    #####:  995:		  discardCard(i, currentPlayer, state, 1);
    #####:  996:		  break;
        -:  997:		}
    #####:  998:	    }
    #####:  999:	}			
        -: 1000:
    #####: 1001:      return 0;
        -: 1002:		
        -: 1003:    case cutpurse:
        -: 1004:
    #####: 1005:      updateCoins(currentPlayer, state, 2);
    #####: 1006:      for (i = 0; i < state->numPlayers; i++)
        -: 1007:	{
    #####: 1008:	  if (i != currentPlayer)
        -: 1009:	    {
    #####: 1010:	      for (j = 0; j < state->handCount[i]; j++)
        -: 1011:		{
    #####: 1012:		  if (state->hand[i][j] == copper)
        -: 1013:		    {
    #####: 1014:		      discardCard(j, i, state, 0);
    #####: 1015:		      break;
        -: 1016:		    }
    #####: 1017:		  if (j == state->handCount[i])
        -: 1018:		    {
    #####: 1019:		      for (k = 0; k < state->handCount[i]; k++)
        -: 1020:			{
        -: 1021:			  if (DEBUG)
        -: 1022:			    printf("Player %d reveals card number %d\n", i, state->hand[i][k]);
    #####: 1023:			}	
    #####: 1024:		      break;
        -: 1025:		    }		
    #####: 1026:		}
        -: 1027:					
    #####: 1028:	    }
        -: 1029:				
    #####: 1030:	}				
        -: 1031:
        -: 1032:      //discard played card from hand
    #####: 1033:      discardCard(handPos, currentPlayer, state, 0);			
        -: 1034:
    #####: 1035:      return 0;
        -: 1036:
        -: 1037:		
        -: 1038:    case embargo: 
        -: 1039:      //+2 Coins
    #####: 1040:      state->coins = state->coins + 2;
        -: 1041:			
        -: 1042:      //see if selected pile is in play
    #####: 1043:      if ( state->supplyCount[choice1] == -1 )
        -: 1044:	{
    #####: 1045:	  return -1;
        -: 1046:	}
        -: 1047:			
        -: 1048:      //add embargo token to selected supply pile
    #####: 1049:      state->embargoTokens[choice1]++;
        -: 1050:			
        -: 1051:      //trash card
    #####: 1052:      discardCard(handPos, currentPlayer, state, 1);		
    #####: 1053:      return 0;
        -: 1054:		
        -: 1055:    case outpost:
        -: 1056:      //set outpost flag
    #####: 1057:      state->outpostPlayed++;
        -: 1058:			
        -: 1059:      //discard card
    #####: 1060:      discardCard(handPos, currentPlayer, state, 0);
    #####: 1061:      return 0;
        -: 1062:		
        -: 1063:    case salvager:
        -: 1064:      //+1 buy
    #####: 1065:      state->numBuys++;
        -: 1066:			
    #####: 1067:      if (choice1)
        -: 1068:	{
        -: 1069:	  //gain coins equal to trashed card
    #####: 1070:	  state->coins = state->coins + getCost( handCard(choice1, state) );
        -: 1071:	  //trash card
    #####: 1072:	  discardCard(choice1, currentPlayer, state, 1);	
    #####: 1073:	}
        -: 1074:			
        -: 1075:      //discard card
    #####: 1076:      discardCard(handPos, currentPlayer, state, 0);
    #####: 1077:      return 0;
        -: 1078:		
        -: 1079:    case sea_hag:
    #####: 1080:      for (i = 0; i < state->numPlayers; i++){
    #####: 1081:	if (i != currentPlayer){
    #####: 1082:	  state->discard[i][state->discardCount[i]] = state->deck[i][state->deckCount[i]--];			    state->deckCount[i]--;
    #####: 1083:	  state->discardCount[i]++;
    #####: 1084:	  state->deck[i][state->deckCount[i]--] = curse;//Top card now a curse
    #####: 1085:	}
    #####: 1086:      }
    #####: 1087:      return 0;
        -: 1088:		
        -: 1089:    case treasure_map:
        -: 1090:      //search hand for another treasure_map
    #####: 1091:      index = -1;
    #####: 1092:      for (i = 0; i < state->handCount[currentPlayer]; i++)
        -: 1093:	{
    #####: 1094:	  if (state->hand[currentPlayer][i] == treasure_map && i != handPos)
        -: 1095:	    {
    #####: 1096:	      index = i;
    #####: 1097:	      break;
        -: 1098:	    }
    #####: 1099:	}
    #####: 1100:      if (index > -1)
        -: 1101:	{
        -: 1102:	  //trash both treasure cards
    #####: 1103:	  discardCard(handPos, currentPlayer, state, 1);
    #####: 1104:	  discardCard(index, currentPlayer, state, 1);
        -: 1105:
        -: 1106:	  //gain 4 Gold cards
    #####: 1107:	  for (i = 0; i < 4; i++)
        -: 1108:	    {
    #####: 1109:	      gainCard(gold, state, 1, currentPlayer);
    #####: 1110:	    }
        -: 1111:				
        -: 1112:	  //return success
    #####: 1113:	  return 1;
        -: 1114:	}
        -: 1115:			
        -: 1116:      //no second treasure_map found in hand
    #####: 1117:      return -1;
        -: 1118:    }
        -: 1119:	
    #####: 1120:  return -1;
     6009: 1121:}
        -: 1122:
        -: 1123:int discardCard(int handPos, int currentPlayer, struct gameState *state, int trashFlag)
        -: 1124:{
        -: 1125:	
        -: 1126:  //if card is not trashed, added to Played pile 
     8003: 1127:  if (trashFlag < 1)
        -: 1128:    {
        -: 1129:      //add card to played pile
     8003: 1130:      state->playedCards[state->playedCardCount] = state->hand[currentPlayer][handPos]; 
     8003: 1131:      state->playedCardCount++;
     8003: 1132:    }
        -: 1133:	
        -: 1134:  //set played card to -1
     8003: 1135:  state->hand[currentPlayer][handPos] = -1;
        -: 1136:	
        -: 1137:  //remove card from player's hand
     8003: 1138:  if ( handPos == (state->handCount[currentPlayer] - 1) ) 	//last card in hand array is played
        -: 1139:    {
        -: 1140:      //reduce number of cards in hand
        5: 1141:      state->handCount[currentPlayer]--;
        5: 1142:    }
     7998: 1143:  else if ( state->handCount[currentPlayer] == 1 ) //only one card in hand
        -: 1144:    {
        -: 1145:      //reduce number of cards in hand
    #####: 1146:      state->handCount[currentPlayer]--;
    #####: 1147:    }
        -: 1148:  else 	
        -: 1149:    {
        -: 1150:      //replace discarded card with last card in hand
     7998: 1151:      state->hand[currentPlayer][handPos] = state->hand[currentPlayer][ (state->handCount[currentPlayer] - 1)];
        -: 1152:      //set last card to -1
     7998: 1153:      state->hand[currentPlayer][state->handCount[currentPlayer] - 1] = -1;
        -: 1154:      //reduce number of cards in hand
     7998: 1155:      state->handCount[currentPlayer]--;
        -: 1156:    }
        -: 1157:	
     8003: 1158:  return 0;
        -: 1159:}
        -: 1160:
        -: 1161:int gainCard(int supplyPos, struct gameState *state, int toFlag, int player)
        -: 1162:{
        -: 1163:  //Note: supplyPos is enum of choosen card
        -: 1164:	
        -: 1165:  //check if supply pile is empty (0) or card is not used in game (-1)
       26: 1166:  if ( supplyCount(supplyPos, state) < 1 )
        -: 1167:    {
    #####: 1168:      return -1;
        -: 1169:    }
        -: 1170:	
        -: 1171:  //added card for [whoseTurn] current player:
        -: 1172:  // toFlag = 0 : add to discard
        -: 1173:  // toFlag = 1 : add to deck
        -: 1174:  // toFlag = 2 : add to hand
        -: 1175:
       26: 1176:  if (toFlag == 1)
        -: 1177:    {
    #####: 1178:      state->deck[ player ][ state->deckCount[player] ] = supplyPos;
    #####: 1179:      state->deckCount[player]++;
    #####: 1180:    }
       26: 1181:  else if (toFlag == 2)
        -: 1182:    {
    #####: 1183:      state->hand[ player ][ state->handCount[player] ] = supplyPos;
    #####: 1184:      state->handCount[player]++;
    #####: 1185:    }
        -: 1186:  else
        -: 1187:    {
       26: 1188:      state->discard[player][ state->discardCount[player] ] = supplyPos;
       26: 1189:      state->discardCount[player]++;
        -: 1190:    }
        -: 1191:	
        -: 1192:  //decrease number in supply pile
       26: 1193:  state->supplyCount[supplyPos]--;
        -: 1194:	 
       26: 1195:  return 0;
       26: 1196:}
        -: 1197:
        -: 1198:int updateCoins(int player, struct gameState *state, int bonus)
        -: 1199:{
        -: 1200:  int i;
        -: 1201:	
        -: 1202:  //reset coin count
       48: 1203:  state->coins = 0;
        -: 1204:
        -: 1205:  //add coins for each Treasure card in player's hand
      436: 1206:  for (i = 0; i < state->handCount[player]; i++)
        -: 1207:    {
      170: 1208:      if (state->hand[player][i] == copper)
        -: 1209:	{
       54: 1210:	  state->coins += 1;
       54: 1211:	}
      116: 1212:      else if (state->hand[player][i] == silver)
        -: 1213:	{
       44: 1214:	  state->coins += 2;
       44: 1215:	}
       72: 1216:      else if (state->hand[player][i] == gold)
        -: 1217:	{
       19: 1218:	  state->coins += 3;
       19: 1219:	}	
      170: 1220:    }	
        -: 1221:
        -: 1222:  //add bonus
       48: 1223:  state->coins += bonus;
        -: 1224:
       48: 1225:  return 0;
        -: 1226:}
        -: 1227:
        -: 1228:int smithy_effect(int currentPlayer, struct gameState *state, int handPos){ //draw 3 cards
        -: 1229:    int i;
    16008: 1230:    for (i = 0; i < 3; i++)
        -: 1231:    {
     6003: 1232:      drawCard(currentPlayer, state);
     6003: 1233:    }
        -: 1234:        
        -: 1235:    //discard card from hand
     2001: 1236:    discardCard(handPos, currentPlayer, state, 0);
     2001: 1237:    return -1;
        -: 1238:}
        -: 1239:
        -: 1240:int adventurer_effect(struct gameState *state, int currentPlayer){
        -: 1241:    int cardDrawn;
        -: 1242:    int temphand[MAX_HAND];
     2006: 1243:    int z = 0;
     2006: 1244:    int drawntreasure=0;
        -: 1245:    //printf("Inside Adventurer \n");
  1013346: 1246:    while(drawntreasure<2){
   504667: 1247:        if (state->deckCount[currentPlayer] <2){//if the deck is empty we need to shuffle discard and add to deck
        1: 1248:            shuffle(currentPlayer, state);
        1: 1249:        }
   504667: 1250:        drawCard(currentPlayer, state);
   504667: 1251:        cardDrawn = state->hand[currentPlayer][state->handCount[currentPlayer]-1];//top card of hand is most recently drawn card.
  1509985: 1252:        if (cardDrawn == copper || cardDrawn == silver || cardDrawn == gold)
     4012: 1253:            drawntreasure++;
        -: 1254:        else{
   500655: 1255:            temphand[z]=cardDrawn;
   500655: 1256:            state->handCount[currentPlayer]--; //this should just remove the top card (the most recently drawn one).
   500655: 1257:            z++;
        -: 1258:        }
        -: 1259:    }
  1005322: 1260:    while(z-1>=0){
   500655: 1261:        state->discard[currentPlayer][state->discardCount[currentPlayer]++]=temphand[z-1]; // discard all cards in play that have been drawn
   500655: 1262:        z=z-1;
        -: 1263:    }
     2006: 1264:    return 0;
        -: 1265:}
        -: 1266:
        -: 1267:int village_effect(int currentPlayer, struct gameState *state, int handPos){
        -: 1268://+1 Card
     2001: 1269:    drawCard(currentPlayer, state);
        -: 1270:        
        -: 1271:    //+2 Actions 
     2001: 1272:    state->numActions = state->numActions + 2;
        -: 1273:        
        -: 1274:    //discard played card from hand
     2001: 1275:    discardCard(handPos, currentPlayer, state, 0);
     2001: 1276:    return 0;
        -: 1277:}
        -: 1278:
        -: 1279:int baron_effect(int currentPlayer, struct gameState *state, int handPos, int choice1){
    #####: 1280:    state->numBuys++;//Increase buys by 1!
    #####: 1281:      if (choice1 > 0){//Boolean true or going to discard an estate
    #####: 1282:	int p = 0;//Iterator for hand!
    #####: 1283:	int card_not_discarded = 0;//Flag for discard set!
    #####: 1284:	while(card_not_discarded){
    #####: 1285:	  if (state->hand[currentPlayer][p] == estate){//Found an estate card!
    #####: 1286:	    state->coins += 4;//Add 4 coins to the amount of coins
    #####: 1287:	    state->discard[currentPlayer][state->discardCount[currentPlayer]] = state->hand[currentPlayer][p];
    #####: 1288:	    state->discardCount[currentPlayer]++;
    #####: 1289:	    for (;p < state->handCount[currentPlayer]; p++){
    #####: 1290:	      state->hand[currentPlayer][p] = state->hand[currentPlayer][p+1];
    #####: 1291:	    }
    #####: 1292:	    state->hand[currentPlayer][state->handCount[currentPlayer]] = -1;
    #####: 1293:	    state->handCount[currentPlayer]--;
    #####: 1294:	    card_not_discarded = 0;//Exit the loop
    #####: 1295:	  }
    #####: 1296:	  else if (p > state->handCount[currentPlayer]){
        -: 1297:	    if(DEBUG) {
        -: 1298:	      printf("No estate cards in your hand, invalid choice\n");
        -: 1299:	      printf("Must gain an estate if there are any\n");
        -: 1300:	    }
    #####: 1301:	    if (supplyCount(estate, state) > 0){
    #####: 1302:	      gainCard(estate, state, 0, currentPlayer);
    #####: 1303:	      state->supplyCount[estate]--;//Decrement estates
    #####: 1304:	      if (supplyCount(estate, state) == 0){
    #####: 1305:		isGameOver(state);
    #####: 1306:	      }
    #####: 1307:	    }
    #####: 1308:	    card_not_discarded = 0;//Exit the loop
    #####: 1309:	  }
        -: 1310:			    
        -: 1311:	  else{
    #####: 1312:	    p++;//Next card
        -: 1313:	  }
        -: 1314:	}
    #####: 1315:      }
        -: 1316:			    
        -: 1317:      else{
    #####: 1318:	if (supplyCount(estate, state) > 0){
    #####: 1319:	  gainCard(estate, state, 0, currentPlayer);//Gain an estate
    #####: 1320:	  state->supplyCount[estate]--;//Decrement Estates
    #####: 1321:	  if (supplyCount(estate, state) == 0){
    #####: 1322:	    isGameOver(state);
    #####: 1323:	  }
    #####: 1324:	}
        -: 1325:      }
    #####: 1326:    return 0;
        -: 1327:}
        -: 1328:
        -: 1329:int council_room_effect(int currentPlayer, struct gameState *state, int handPos){
        -: 1330:    int i;
        -: 1331:    
        -: 1332:    //+4 Cards
       10: 1333:      for (i = 0; i < 4; i++)
        -: 1334:	{
        4: 1335:	  drawCard(currentPlayer, state);
        4: 1336:	}
        -: 1337:			
        -: 1338:      //+1 Buy
        1: 1339:      state->numBuys++;
        -: 1340:			
        -: 1341:      //Each other player draws a card
        6: 1342:      for (i = 0; i < state->numPlayers; i++)
        -: 1343:	{
        2: 1344:	  if ( i != currentPlayer )
        -: 1345:	    {
        1: 1346:	      drawCard(i, state);
        1: 1347:	    }
        2: 1348:	}
        -: 1349:			
        -: 1350:      //put played card in played card pile
        1: 1351:      discardCard(handPos, currentPlayer, state, 0);
        -: 1352:
        1: 1353:      return 0;
        -: 1354:}
        -: 1355:
        -: 1356:
        -: 1357://end of cards.c
        -: 1358://end of dominion.c
        -: 1359:
